<?xml version="1.0" encoding="UTF-8"?>
<!-- Generated by org.testng.reporters.JUnitXMLReporter -->
<testsuite ignored="0" hostname="DESKTOP-PQGUROA" failures="0" tests="3" name="Sanity" time="35.223" errors="0" timestamp="2022-10-23T19:41:20 IST">
  <testcase classname="org.example.ChromeStandaloneTest" name="test1" time="13.181"/>
  <testcase classname="org.example.ChromeStandaloneTest1" name="test2" time="13.27"/>
  <testcase classname="org.example.ChromeStandaloneTest2" name="test3" time="14.091"/>
</testsuite> <!-- Sanity -->
