<?xml version="1.0" encoding="UTF-8"?>
<testsuite xmlns:xsi="http://www.w3.org/2001/XMLSchema-instance" xsi:noNamespaceSchemaLocation="https://maven.apache.org/surefire/maven-surefire-plugin/xsd/surefire-test-report-3.0.xsd" version="3.0" name="TestSuite" time="35.712" tests="3" errors="0" skipped="0" failures="0">
  <properties>
[...]
</properties>
  <testcase name="test1" classname="org.example.ChromeStandaloneTest" time="13.18">
    <system-out><![CDATA[WARN  - Configuration              - Detected a static method [org.example.ChromeStandaloneTest.startDocker()]. Static configuration methods can cause  unexpected behavior.
WARN  - Configuration              - Detected a static method [org.example.ChromeStandaloneTest.stopDocker()]. Static configuration methods can cause  unexpected behavior.
Google
Facebook – log in or sign up
]]></system-out>
    <system-err><![CDATA[Oct 23, 2022 7:40:58 PM org.openqa.selenium.remote.tracing.opentelemetry.OpenTelemetryTracer createTracer
INFO: Using OpenTelemetry for tracing
Oct 23, 2022 7:41:10 PM org.openqa.selenium.remote.ProtocolHandshake createSession
INFO: Detected upstream dialect: W3C
Oct 23, 2022 7:41:10 PM org.openqa.selenium.remote.ProtocolHandshake createSession
INFO: Detected upstream dialect: W3C
Oct 23, 2022 7:41:10 PM org.openqa.selenium.remote.ProtocolHandshake createSession
INFO: Detected upstream dialect: W3C
]]></system-err>
  </testcase>
  <testcase name="test2" classname="org.example.ChromeStandaloneTest1" time="13.265"/>
  <testcase name="test3" classname="org.example.ChromeStandaloneTest2" time="14.086">
    <system-out><![CDATA[Yahoo Search - Web Search
]]></system-out>
  </testcase>
</testsuite>