<?xml version="1.0" encoding="UTF-8"?>
<testng-results ignored="0" total="3" passed="3" failed="0" skipped="0">
  <reporter-output>
  </reporter-output>
  <suite started-at="2022-10-23T19:40:45 IST" name="Suite" finished-at="2022-10-23T19:41:20 IST" duration-ms="35223">
    <groups>
    </groups>
    <test started-at="2022-10-23T19:40:45 IST" name="Sanity" finished-at="2022-10-23T19:41:20 IST" duration-ms="35223">
      <class name="org.example.ChromeStandaloneTest1">
        <test-method signature="test2()[pri:0, instance:org.example.ChromeStandaloneTest1@557caf28]" started-at="2022-10-23T19:40:58 IST" name="test2" finished-at="2022-10-23T19:41:12 IST" duration-ms="13270" status="PASS">
          <reporter-output>
          </reporter-output>
        </test-method> <!-- test2 -->
      </class> <!-- org.example.ChromeStandaloneTest1 -->
      <class name="org.example.ChromeStandaloneTest2">
        <test-method signature="test3()[pri:0, instance:org.example.ChromeStandaloneTest2@408d971b]" started-at="2022-10-23T19:40:58 IST" name="test3" finished-at="2022-10-23T19:41:12 IST" duration-ms="14091" status="PASS">
          <reporter-output>
          </reporter-output>
        </test-method> <!-- test3 -->
      </class> <!-- org.example.ChromeStandaloneTest2 -->
      <class name="org.example.ChromeStandaloneTest">
        <test-method is-config="true" signature="startDocker()[pri:0, instance:org.example.ChromeStandaloneTest@62379589]" started-at="2022-10-23T19:40:45 IST" name="startDocker" finished-at="2022-10-23T19:40:58 IST" duration-ms="13056" status="PASS">
          <reporter-output>
          </reporter-output>
        </test-method> <!-- startDocker -->
        <test-method signature="test1()[pri:0, instance:org.example.ChromeStandaloneTest@62379589]" started-at="2022-10-23T19:40:58 IST" name="test1" finished-at="2022-10-23T19:41:11 IST" duration-ms="13181" status="PASS">
          <reporter-output>
          </reporter-output>
        </test-method> <!-- test1 -->
        <test-method is-config="true" signature="stopDocker()[pri:0, instance:org.example.ChromeStandaloneTest@62379589]" started-at="2022-10-23T19:41:12 IST" name="stopDocker" finished-at="2022-10-23T19:41:20 IST" duration-ms="8034" status="PASS">
          <reporter-output>
          </reporter-output>
        </test-method> <!-- stopDocker -->
      </class> <!-- org.example.ChromeStandaloneTest -->
    </test> <!-- Sanity -->
  </suite> <!-- Suite -->
</testng-results>
